<?xml version="1.0" encoding="UTF-8"?>
<testsuite name="ru.mirea.ikbo1020.prac13.Prac13ApplicationTests" tests="1" skipped="0" failures="0" errors="0" timestamp="2022-05-03T14:30:24" hostname="MSI" time="0.407">
  <properties/>
  <testcase name="contextLoads()" classname="ru.mirea.ikbo1020.prac13.Prac13ApplicationTests" time="0.407"/>
  <system-out><![CDATA[17:30:23.463 [Test worker] DEBUG org.springframework.test.context.BootstrapUtils - Instantiating CacheAwareContextLoaderDelegate from class [org.springframework.test.context.cache.DefaultCacheAwareContextLoaderDelegate]
17:30:23.476 [Test worker] DEBUG org.springframework.test.context.BootstrapUtils - Instantiating BootstrapContext using constructor [public org.springframework.test.context.support.DefaultBootstrapContext(java.lang.Class,org.springframework.test.context.CacheAwareContextLoaderDelegate)]
17:30:23.509 [Test worker] DEBUG org.springframework.test.context.BootstrapUtils - Instantiating TestContextBootstrapper for test class [ru.mirea.ikbo1020.prac13.Prac13ApplicationTests] from class [org.springframework.boot.test.context.SpringBootTestContextBootstrapper]
17:30:23.521 [Test worker] INFO org.springframework.boot.test.context.SpringBootTestContextBootstrapper - Neither @ContextConfiguration nor @ContextHierarchy found for test class [ru.mirea.ikbo1020.prac13.Prac13ApplicationTests], using SpringBootContextLoader
17:30:23.525 [Test worker] DEBUG org.springframework.test.context.support.AbstractContextLoader - Did not detect default resource location for test class [ru.mirea.ikbo1020.prac13.Prac13ApplicationTests]: class path resource [ru/mirea/ikbo1020/prac13/Prac13ApplicationTests-context.xml] does not exist
17:30:23.525 [Test worker] DEBUG org.springframework.test.context.support.AbstractContextLoader - Did not detect default resource location for test class [ru.mirea.ikbo1020.prac13.Prac13ApplicationTests]: class path resource [ru/mirea/ikbo1020/prac13/Prac13ApplicationTestsContext.groovy] does not exist
17:30:23.526 [Test worker] INFO org.springframework.test.context.support.AbstractContextLoader - Could not detect default resource locations for test class [ru.mirea.ikbo1020.prac13.Prac13ApplicationTests]: no resource found for suffixes {-context.xml, Context.groovy}.
17:30:23.527 [Test worker] INFO org.springframework.test.context.support.AnnotationConfigContextLoaderUtils - Could not detect default configuration classes for test class [ru.mirea.ikbo1020.prac13.Prac13ApplicationTests]: Prac13ApplicationTests does not declare any static, non-private, non-final, nested classes annotated with @Configuration.
17:30:23.566 [Test worker] DEBUG org.springframework.test.context.support.ActiveProfilesUtils - Could not find an 'annotation declaring class' for annotation type [org.springframework.test.context.ActiveProfiles] and class [ru.mirea.ikbo1020.prac13.Prac13ApplicationTests]
17:30:23.618 [Test worker] DEBUG org.springframework.context.annotation.ClassPathScanningCandidateComponentProvider - Identified candidate component class: file [C:\prog\java\TempJava_4C\src\main\java\prac13\build\classes\java\main\ru\mirea\ikbo1020\prac13\Prac13Application.class]
17:30:23.619 [Test worker] INFO org.springframework.boot.test.context.SpringBootTestContextBootstrapper - Found @SpringBootConfiguration ru.mirea.ikbo1020.prac13.Prac13Application for test class ru.mirea.ikbo1020.prac13.Prac13ApplicationTests
17:30:23.718 [Test worker] DEBUG org.springframework.boot.test.context.SpringBootTestContextBootstrapper - @TestExecutionListeners is not present for class [ru.mirea.ikbo1020.prac13.Prac13ApplicationTests]: using defaults.
17:30:23.719 [Test worker] INFO org.springframework.boot.test.context.SpringBootTestContextBootstrapper - Loaded default TestExecutionListener class names from location [META-INF/spring.factories]: [org.springframework.boot.test.autoconfigure.restdocs.RestDocsTestExecutionListener, org.springframework.boot.test.autoconfigure.web.client.MockRestServiceServerResetTestExecutionListener, org.springframework.boot.test.autoconfigure.web.servlet.MockMvcPrintOnlyOnFailureTestExecutionListener, org.springframework.boot.test.autoconfigure.web.servlet.WebDriverTestExecutionListener, org.springframework.boot.test.autoconfigure.webservices.client.MockWebServiceServerTestExecutionListener, org.springframework.boot.test.mock.mockito.MockitoTestExecutionListener, org.springframework.boot.test.mock.mockito.ResetMocksTestExecutionListener, org.springframework.test.context.web.ServletTestExecutionListener, org.springframework.test.context.support.DirtiesContextBeforeModesTestExecutionListener, org.springframework.test.context.event.ApplicationEventsTestExecutionListener, org.springframework.test.context.support.DependencyInjectionTestExecutionListener, org.springframework.test.context.support.DirtiesContextTestExecutionListener, org.springframework.test.context.transaction.TransactionalTestExecutionListener, org.springframework.test.context.jdbc.SqlScriptsTestExecutionListener, org.springframework.test.context.event.EventPublishingTestExecutionListener]
17:30:23.729 [Test worker] DEBUG org.springframework.boot.test.context.SpringBootTestContextBootstrapper - Skipping candidate TestExecutionListener [org.springframework.test.context.web.ServletTestExecutionListener] due to a missing dependency. Specify custom listener classes or make the default listener classes and their required dependencies available. Offending class: [javax/servlet/ServletContext]
17:30:23.732 [Test worker] DEBUG org.springframework.boot.test.context.SpringBootTestContextBootstrapper - Skipping candidate TestExecutionListener [org.springframework.test.context.transaction.TransactionalTestExecutionListener] due to a missing dependency. Specify custom listener classes or make the default listener classes and their required dependencies available. Offending class: [org/springframework/transaction/interceptor/TransactionAttributeSource]
17:30:23.732 [Test worker] DEBUG org.springframework.boot.test.context.SpringBootTestContextBootstrapper - Skipping candidate TestExecutionListener [org.springframework.test.context.jdbc.SqlScriptsTestExecutionListener] due to a missing dependency. Specify custom listener classes or make the default listener classes and their required dependencies available. Offending class: [org/springframework/transaction/interceptor/TransactionAttribute]
17:30:23.733 [Test worker] INFO org.springframework.boot.test.context.SpringBootTestContextBootstrapper - Using TestExecutionListeners: [org.springframework.test.context.support.DirtiesContextBeforeModesTestExecutionListener@12303cea, org.springframework.test.context.event.ApplicationEventsTestExecutionListener@25133862, org.springframework.boot.test.mock.mockito.MockitoTestExecutionListener@661f328f, org.springframework.boot.test.autoconfigure.SpringBootDependencyInjectionTestExecutionListener@7b754bfc, org.springframework.test.context.support.DirtiesContextTestExecutionListener@68b1ef14, org.springframework.test.context.event.EventPublishingTestExecutionListener@545d0a48, org.springframework.boot.test.autoconfigure.restdocs.RestDocsTestExecutionListener@4b49d106, org.springframework.boot.test.autoconfigure.web.client.MockRestServiceServerResetTestExecutionListener@1a325938, org.springframework.boot.test.autoconfigure.web.servlet.MockMvcPrintOnlyOnFailureTestExecutionListener@7d9cdc25, org.springframework.boot.test.autoconfigure.web.servlet.WebDriverTestExecutionListener@41af9694, org.springframework.boot.test.autoconfigure.webservices.client.MockWebServiceServerTestExecutionListener@446bbe46, org.springframework.boot.test.mock.mockito.ResetMocksTestExecutionListener@4c18d46a]
17:30:23.737 [Test worker] DEBUG org.springframework.test.context.support.AbstractDirtiesContextTestExecutionListener - Before test class: context [DefaultTestContext@611921a5 testClass = Prac13ApplicationTests, testInstance = [null], testMethod = [null], testException = [null], mergedContextConfiguration = [MergedContextConfiguration@4fe6ad8e testClass = Prac13ApplicationTests, locations = '{}', classes = '{class ru.mirea.ikbo1020.prac13.Prac13Application}', contextInitializerClasses = '[]', activeProfiles = '{}', propertySourceLocations = '{}', propertySourceProperties = '{org.springframework.boot.test.context.SpringBootTestContextBootstrapper=true}', contextCustomizers = set[org.springframework.boot.test.autoconfigure.actuate.metrics.MetricsExportContextCustomizerFactory$DisableMetricExportContextCustomizer@60b3a5bd, org.springframework.boot.test.autoconfigure.properties.PropertyMappingContextCustomizer@0, org.springframework.boot.test.autoconfigure.web.servlet.WebDriverContextCustomizerFactory$Customizer@4b570613, org.springframework.boot.test.context.filter.ExcludeFilterContextCustomizer@6131310b, org.springframework.boot.test.json.DuplicateJsonObjectContextCustomizerFactory$DuplicateJsonObjectContextCustomizer@44b48dfd, org.springframework.boot.test.mock.mockito.MockitoContextCustomizer@0, org.springframework.boot.test.web.client.TestRestTemplateContextCustomizer@1c177efd, org.springframework.boot.test.context.SpringBootTestArgs@1, org.springframework.boot.test.context.SpringBootTestWebEnvironment@50dd3947], contextLoader = 'org.springframework.boot.test.context.SpringBootContextLoader', parent = [null]], attributes = map[[empty]]], class annotated with @DirtiesContext [false] with mode [null].
17:30:23.749 [Test worker] DEBUG org.springframework.test.context.support.DependencyInjectionTestExecutionListener - Performing dependency injection for test context [[DefaultTestContext@611921a5 testClass = Prac13ApplicationTests, testInstance = ru.mirea.ikbo1020.prac13.Prac13ApplicationTests@3abb38db, testMethod = [null], testException = [null], mergedContextConfiguration = [MergedContextConfiguration@4fe6ad8e testClass = Prac13ApplicationTests, locations = '{}', classes = '{class ru.mirea.ikbo1020.prac13.Prac13Application}', contextInitializerClasses = '[]', activeProfiles = '{}', propertySourceLocations = '{}', propertySourceProperties = '{org.springframework.boot.test.context.SpringBootTestContextBootstrapper=true}', contextCustomizers = set[org.springframework.boot.test.autoconfigure.actuate.metrics.MetricsExportContextCustomizerFactory$DisableMetricExportContextCustomizer@60b3a5bd, org.springframework.boot.test.autoconfigure.properties.PropertyMappingContextCustomizer@0, org.springframework.boot.test.autoconfigure.web.servlet.WebDriverContextCustomizerFactory$Customizer@4b570613, org.springframework.boot.test.context.filter.ExcludeFilterContextCustomizer@6131310b, org.springframework.boot.test.json.DuplicateJsonObjectContextCustomizerFactory$DuplicateJsonObjectContextCustomizer@44b48dfd, org.springframework.boot.test.mock.mockito.MockitoContextCustomizer@0, org.springframework.boot.test.web.client.TestRestTemplateContextCustomizer@1c177efd, org.springframework.boot.test.context.SpringBootTestArgs@1, org.springframework.boot.test.context.SpringBootTestWebEnvironment@50dd3947], contextLoader = 'org.springframework.boot.test.context.SpringBootContextLoader', parent = [null]], attributes = map['org.springframework.test.context.event.ApplicationEventsTestExecutionListener.recordApplicationEvents' -> false]]].
17:30:23.773 [Test worker] DEBUG org.springframework.test.context.support.TestPropertySourceUtils - Adding inlined properties to environment: {spring.jmx.enabled=false, org.springframework.boot.test.context.SpringBootTestContextBootstrapper=true}

  .   ____          _            __ _ _
 /\\ / ___'_ __ _ _(_)_ __  __ _ \ \ \ \
( ( )\___ | '_ | '_| | '_ \/ _` | \ \ \ \
 \\/  ___)| |_)| | | | | || (_| |  ) ) ) )
  '  |____| .__|_| |_|_| |_\__, | / / / /
 =========|_|==============|___/=/_/_/_/
 :: Spring Boot ::                (v2.5.0)

2022-05-03 17:30:24.161  INFO 12192 --- [    Test worker] r.m.i.prac13.Prac13ApplicationTests      : Starting Prac13ApplicationTests using Java 15.0.3 on MSI with PID 12192 (started by Anna in C:\prog\java\TempJava_4C\src\main\java\prac13)
2022-05-03 17:30:24.163  INFO 12192 --- [    Test worker] r.m.i.prac13.Prac13ApplicationTests      : No active profile set, falling back to default profiles: default
Student(name=Георгий, last_name=Воякин, group=ИКБО-13-19)
2022-05-03 17:30:24.831  INFO 12192 --- [    Test worker] r.m.i.prac13.Prac13ApplicationTests      : Started Prac13ApplicationTests in 1.054 seconds (JVM running for 2.118)
2022-05-03 17:30:24.834  INFO 12192 --- [    Test worker] o.s.b.a.ApplicationAvailabilityBean      : Application availability state LivenessState changed to CORRECT
2022-05-03 17:30:24.838  INFO 12192 --- [    Test worker] o.s.b.a.ApplicationAvailabilityBean      : Application availability state ReadinessState changed to ACCEPTING_TRAFFIC
]]></system-out>
  <system-err><![CDATA[]]></system-err>
</testsuite>
